<?xml version="1.0" encoding="UTF-8"?>
<!-- Generated by org.testng.reporters.JUnitReportReporter -->
<testsuite hostname="DESKTOP-7G006S3" failures="0" tests="1" name="com.hrm.testscripts.tc504" time="86.214" errors="0" timestamp="2020-10-21T21:47:44 IST" skipped="0">
  <testcase classname="com.hrm.testscripts.tc504" name="login" time="86.214"/>
  <system-out/>
</testsuite> <!-- com.hrm.testscripts.tc504 -->
